<?xml version="1.0" encoding="UTF-8"?>
<!-- Generated by org.testng.reporters.JUnitXMLReporter -->
<testsuite hostname="LAPTOP-MLKHQJEV" name="Test" tests="30" failures="1" timestamp="25 Dec 2019 07:42:41 GMT" time="12.897" errors="0">
  <testcase name="Register" time="1.627" classname="com.lemon.testcaes.RegisterCase"/>
  <testcase name="Register" time="0.107" classname="com.lemon.testcaes.RegisterCase"/>
  <testcase name="Register" time="0.102" classname="com.lemon.testcaes.RegisterCase"/>
  <testcase name="Register" time="0.112" classname="com.lemon.testcaes.RegisterCase"/>
  <testcase name="Register" time="0.268" classname="com.lemon.testcaes.RegisterCase"/>
  <testcase name="Register" time="0.153" classname="com.lemon.testcaes.RegisterCase"/>
  <testcase name="login" time="0.116" classname="com.lemon.testcaes.LoginCase"/>
  <testcase name="login" time="0.087" classname="com.lemon.testcaes.LoginCase"/>
  <testcase name="login" time="0.22" classname="com.lemon.testcaes.LoginCase"/>
  <testcase name="login" time="0.229" classname="com.lemon.testcaes.LoginCase"/>
  <testcase name="login" time="0.293" classname="com.lemon.testcaes.LoginCase"/>
  <testcase name="configures" time="0.119" classname="com.lemon.testcaes.ConfiguresCase"/>
  <testcase name="configures" time="0.092" classname="com.lemon.testcaes.ConfiguresCase"/>
  <testcase name="configures" time="0.118" classname="com.lemon.testcaes.ConfiguresCase"/>
  <testcase name="configures" time="3.16" classname="com.lemon.testcaes.ConfiguresCase"/>
  <testcase name="configures" time="0.154" classname="com.lemon.testcaes.ConfiguresCase"/>
  <testcase name="configures" time="0.137" classname="com.lemon.testcaes.ConfiguresCase"/>
  <testcase name="project" time="0.115" classname="com.lemon.testcaes.ProjectsCase"/>
  <testcase name="project" time="0.095" classname="com.lemon.testcaes.ProjectsCase"/>
  <testcase name="project" time="0.115" classname="com.lemon.testcaes.ProjectsCase"/>
  <testcase name="project" time="0.082" classname="com.lemon.testcaes.ProjectsCase"/>
  <testcase name="project" time="0.19" classname="com.lemon.testcaes.ProjectsCase"/>
  <testcase name="project" time="0.173" classname="com.lemon.testcaes.ProjectsCase"/>
  <testcase name="createProject" time="0.08" classname="com.lemon.testcaes.CreateProjectCase"/>
  <testcase name="createProject" time="0.122" classname="com.lemon.testcaes.CreateProjectCase"/>
  <testcase name="createProject" time="0.121" classname="com.lemon.testcaes.CreateProjectCase"/>
  <testcase name="createProject" time="0.094" classname="com.lemon.testcaes.CreateProjectCase"/>
  <testcase name="createProject" time="0.094" classname="com.lemon.testcaes.CreateProjectCase"/>
  <testcase name="createProject" time="0.098" classname="com.lemon.testcaes.CreateProjectCase"/>
  <testcase name="createProject" time="0.113" classname="com.lemon.testcaes.CreateProjectCase">
    <failure type="java.lang.AssertionError" message="expected [Pass] but found [Fail]">
      <![CDATA[java.lang.AssertionError: expected [Pass] but found [Fail]
	at com.lemon.testcaes.CreateProjectCase.createProject(CreateProjectCase.java:47)
... Removed 33 stack frames]]>
    </failure>
  </testcase> <!-- createProject -->
</testsuite> <!-- Test -->
